# JRE version: OpenJDK Runtime Environment (11.0.11+9) (build 11.0.11+9-b60-7590822)
# Java VM: OpenJDK 64-Bit Server VM (11.0.11+9-b60-7590822, mixed mode, tiered, compressed oops, g1 gc, windows-amd64)
Heap:
 garbage-first heap   total 223232K, used 148757K [0x0000000080000000, 0x0000000100000000)
  region size 1024K, 15 young (15360K), 4 survivors (4096K)
 Metaspace       used 105197K, capacity 108438K, committed 108620K, reserved 1142784K
  class space    used 13912K, capacity 15120K, committed 15180K, reserved 1048576K
GC Heap History (20 events):
Event: 28.152 GC heap before
{Heap before GC invocations=37 (full 0):
 garbage-first heap   total 138240K, used 108913K [0x0000000080000000, 0x0000000100000000)
  region size 1024K, 42 young (43008K), 6 survivors (6144K)
 Metaspace       used 82468K, capacity 84692K, committed 84812K, reserved 1122304K
  class space    used 10742K, capacity 11556K, committed 11596K, reserved 1048576K
}
Event: 28.168 GC heap after
{Heap after GC invocations=38 (full 0):
 garbage-first heap   total 138240K, used 75768K [0x0000000080000000, 0x0000000100000000)
  region size 1024K, 3 young (3072K), 3 survivors (3072K)
 Metaspace       used 82468K, capacity 84692K, committed 84812K, reserved 1122304K
  class space    used 10742K, capacity 11556K, committed 11596K, reserved 1048576K
}
Event: 29.286 GC heap before
{Heap before GC invocations=39 (full 0):
 garbage-first heap   total 138240K, used 107512K [0x0000000080000000, 0x0000000100000000)
  region size 1024K, 36 young (36864K), 3 survivors (3072K)
 Metaspace       used 88767K, capacity 91075K, committed 91340K, reserved 1128448K
  class space    used 11558K, capacity 12385K, committed 12492K, reserved 1048576K
}
Event: 29.303 GC heap after
{Heap after GC invocations=40 (full 0):
 garbage-first heap   total 165888K, used 78010K [0x0000000080000000, 0x0000000100000000)
  region size 1024K, 3 young (3072K), 3 survivors (3072K)
 Metaspace       used 88767K, capacity 91075K, committed 91340K, reserved 1128448K
  class space    used 11558K, capacity 12385K, committed 12492K, reserved 1048576K
}
Event: 31.166 GC heap before
{Heap before GC invocations=41 (full 0):
 garbage-first heap   total 165888K, used 126138K [0x0000000080000000, 0x0000000100000000)
  region size 1024K, 48 young (49152K), 3 survivors (3072K)
 Metaspace       used 91449K, capacity 93915K, committed 94156K, reserved 1130496K
  class space    used 11823K, capacity 12685K, committed 12748K, reserved 1048576K
}
Event: 31.175 GC heap after
{Heap after GC invocations=42 (full 0):
 garbage-first heap   total 165888K, used 80446K [0x0000000080000000, 0x0000000100000000)
  region size 1024K, 3 young (3072K), 3 survivors (3072K)
 Metaspace       used 91449K, capacity 93915K, committed 94156K, reserved 1130496K
  class space    used 11823K, capacity 12685K, committed 12748K, reserved 1048576K
}
Event: 32.715 GC heap before
{Heap before GC invocations=42 (full 0):
 garbage-first heap   total 165888K, used 127550K [0x0000000080000000, 0x0000000100000000)
  region size 1024K, 50 young (51200K), 3 survivors (3072K)
 Metaspace       used 95690K, capacity 98262K, committed 98380K, reserved 1134592K
  class space    used 12422K, capacity 13351K, committed 13388K, reserved 1048576K
}
Event: 32.727 GC heap after
{Heap after GC invocations=43 (full 0):
 garbage-first heap   total 165888K, used 80691K [0x0000000080000000, 0x0000000100000000)
  region size 1024K, 6 young (6144K), 6 survivors (6144K)
 Metaspace       used 95690K, capacity 98262K, committed 98380K, reserved 1134592K
  class space    used 12422K, capacity 13351K, committed 13388K, reserved 1048576K
}
Event: 34.341 GC heap before
{Heap before GC invocations=44 (full 0):
 garbage-first heap   total 165888K, used 128819K [0x0000000080000000, 0x0000000100000000)
  region size 1024K, 54 young (55296K), 6 survivors (6144K)
 Metaspace       used 103237K, capacity 106453K, committed 106572K, reserved 1140736K
  class space    used 13659K, capacity 14873K, committed 14924K, reserved 1048576K
}
Event: 34.357 GC heap after
{Heap after GC invocations=45 (full 0):
 garbage-first heap   total 165888K, used 81990K [0x0000000080000000, 0x0000000100000000)
  region size 1024K, 6 young (6144K), 6 survivors (6144K)
 Metaspace       used 103237K, capacity 106453K, committed 106572K, reserved 1140736K
  class space    used 13659K, capacity 14873K, committed 14924K, reserved 1048576K
}
Event: 34.424 GC heap before
{Heap before GC invocations=45 (full 0):
 garbage-first heap   total 165888K, used 84038K [0x0000000080000000, 0x0000000100000000)
  region size 1024K, 9 young (9216K), 6 survivors (6144K)
 Metaspace       used 103334K, capacity 106529K, committed 106828K, reserved 1140736K
  class space    used 13668K, capacity 14875K, committed 14924K, reserved 1048576K
}
Event: 34.436 GC heap after
{Heap after GC invocations=46 (full 0):
 garbage-first heap   total 165888K, used 82246K [0x0000000080000000, 0x0000000100000000)
  region size 1024K, 3 young (3072K), 3 survivors (3072K)
 Metaspace       used 103334K, capacity 106529K, committed 106828K, reserved 1140736K
  class space    used 13668K, capacity 14875K, committed 14924K, reserved 1048576K
}
Event: 35.491 GC heap before
{Heap before GC invocations=47 (full 0):
 garbage-first heap   total 165888K, used 148806K [0x0000000080000000, 0x0000000100000000)
  region size 1024K, 54 young (55296K), 3 survivors (3072K)
 Metaspace       used 104734K, capacity 107988K, committed 108108K, reserved 1142784K
  class space    used 13921K, capacity 15150K, committed 15180K, reserved 1048576K
}
Event: 35.555 GC heap after
{Heap after GC invocations=48 (full 0):
 garbage-first heap   total 174080K, used 113466K [0x0000000080000000, 0x0000000100000000)
  region size 1024K, 7 young (7168K), 7 survivors (7168K)
 Metaspace       used 104734K, capacity 107988K, committed 108108K, reserved 1142784K
  class space    used 13921K, capacity 15150K, committed 15180K, reserved 1048576K
}
Event: 36.353 GC heap before
{Heap before GC invocations=48 (full 0):
 garbage-first heap   total 174080K, used 140090K [0x0000000080000000, 0x0000000100000000)
  region size 1024K, 33 young (33792K), 7 survivors (7168K)
 Metaspace       used 104836K, capacity 108063K, committed 108108K, reserved 1142784K
  class space    used 13921K, capacity 15150K, committed 15180K, reserved 1048576K
}
Event: 36.413 GC heap after
{Heap after GC invocations=49 (full 0):
 garbage-first heap   total 174080K, used 128496K [0x0000000080000000, 0x0000000100000000)
  region size 1024K, 5 young (5120K), 5 survivors (5120K)
 Metaspace       used 104836K, capacity 108063K, committed 108108K, reserved 1142784K
  class space    used 13921K, capacity 15150K, committed 15180K, reserved 1048576K
}
Event: 37.089 GC heap before
{Heap before GC invocations=49 (full 0):
 garbage-first heap   total 174080K, used 141808K [0x0000000080000000, 0x0000000100000000)
  region size 1024K, 19 young (19456K), 5 survivors (5120K)
 Metaspace       used 104914K, capacity 108116K, committed 108364K, reserved 1142784K
  class space    used 13905K, capacity 15114K, committed 15180K, reserved 1048576K
}
Event: 37.119 GC heap after
{Heap after GC invocations=50 (full 0):
 garbage-first heap   total 223232K, used 134144K [0x0000000080000000, 0x0000000100000000)
  region size 1024K, 3 young (3072K), 3 survivors (3072K)
 Metaspace       used 104914K, capacity 108116K, committed 108364K, reserved 1142784K
  class space    used 13905K, capacity 15114K, committed 15180K, reserved 1048576K
}
Event: 39.114 GC heap before
{Heap before GC invocations=51 (full 0):
 garbage-first heap   total 223232K, used 165888K [0x0000000080000000, 0x0000000100000000)
  region size 1024K, 35 young (35840K), 3 survivors (3072K)
 Metaspace       used 105184K, capacity 108373K, committed 108620K, reserved 1142784K
  class space    used 13912K, capacity 15120K, committed 15180K, reserved 1048576K
}
Event: 39.186 GC heap after
{Heap after GC invocations=52 (full 0):
 garbage-first heap   total 223232K, used 138517K [0x0000000080000000, 0x0000000100000000)
  region size 1024K, 4 young (4096K), 4 survivors (4096K)
 Metaspace       used 105184K, capacity 108373K, committed 108620K, reserved 1142784K
  class space    used 13912K, capacity 15120K, committed 15180K, reserved 1048576K
}

